Added Component: Designator=Arduino Uno(ARDUINO UNO)
Add component. Clean all parameters for all variants
Added Component: Designator=P1(HDR1X2)
Add component. Clean all parameters for all variants
Add component (AddParameter): Name = "LatestRevisionDate"; Value = "17-Jul-2002"; VariantName = "[No Variations]"
Add component (AddParameter): Name = "LatestRevisionNote"; Value = "Re-released for DXP Platform."; VariantName = "[No Variations]"
Add component (AddParameter): Name = "Publisher"; Value = "Altium Limited"; VariantName = "[No Variations]"
Added Component: Designator=Servo motor(PCBComponent_1)
Add component. Clean all parameters for all variants
Added Component: Designator=Ultrasonic sensor(PCBComponent_1)
Add component. Clean all parameters for all variants
Added Pin To Net: NetName=NetArduino Uno_9 Pin=Arduino Uno-9
Added Pin To Net: NetName=NetArduino Uno_10 Pin=Arduino Uno-10
Added Pin To Net: NetName=NetArduino Uno_11 Pin=Arduino Uno-11
Added Pin To Net: NetName=GND Pin=P1-1
Added Pin To Net: NetName=+5V Pin=P1-2
Added Pin To Net: NetName=NetArduino Uno_11 Pin=Servo motor-1
Added Pin To Net: NetName=+5V Pin=Servo motor-2
Added Pin To Net: NetName=GND Pin=Servo motor-3
Added Pin To Net: NetName=+5V Pin=Ultrasonic sensor-1
Added Pin To Net: NetName=NetArduino Uno_10 Pin=Ultrasonic sensor-2
Added Pin To Net: NetName=NetArduino Uno_9 Pin=Ultrasonic sensor-3
Added Pin To Net: NetName=GND Pin=Ultrasonic sensor-4
Added Member To Class: ClassName=Sheet1 Member=Component Arduino Uno ARDUINO UNO
Added Member To Class: ClassName=Sheet1 Member=Component P1 Header 2
Added Member To Class: ClassName=Sheet1 Member=Component Servo motor Component_1
Added Member To Class: ClassName=Sheet1 Member=Component Ultrasonic sensor Component_1
